[debug] [2025-11-20T19:25:37.943Z] ----------------------------------------------------------------------
[debug] [2025-11-20T19:25:37.945Z] Command:       /nix/store/ws50yvm6vzlzf7jzz6n7xh4szddrack1-nodejs-20.19.1/bin/node /nix/store/12bms99s479knhxggq0wrjfch7rhy26s-firebase-tools-14.24.1/lib/node_modules/firebase-tools/lib/bin/firebase.js init apphosting --project antie-478819
[debug] [2025-11-20T19:25:37.946Z] CLI Version:   14.24.1
[debug] [2025-11-20T19:25:37.946Z] Platform:      linux
[debug] [2025-11-20T19:25:37.946Z] Node Version:  v20.19.1
[debug] [2025-11-20T19:25:37.946Z] Time:          Thu Nov 20 2025 19:25:37 GMT+0000 (Coordinated Universal Time)
[debug] [2025-11-20T19:25:37.946Z] ----------------------------------------------------------------------
[debug] 
[info] 
     ######## #### ########  ######## ########     ###     ######  ########
     ##        ##  ##     ## ##       ##     ##  ##   ##  ##       ##
     ######    ##  ########  ######   ########  #########  ######  ######
     ##        ##  ##    ##  ##       ##     ## ##     ##       ## ##
     ##       #### ##     ## ######## ########  ##     ##  ######  ########

You're about to initialize a Firebase project in this directory:

  /home/user/anti/frontend

[info] 
=== Project Setup
[info] 
[info] First, let's associate this project directory with a Firebase project.
[info] You can create multiple project aliases by running firebase use --add, 
[info] 
[debug] [2025-11-20T19:25:37.961Z] > command requires scopes: ["email","openid","https://www.googleapis.com/auth/cloudplatformprojects.readonly","https://www.googleapis.com/auth/firebase","https://www.googleapis.com/auth/cloud-platform","https://www.googleapis.com/auth/userinfo.email"]
[debug] [2025-11-20T19:25:37.961Z] > authorizing via signed-in user (elikenny333@gmail.com)
[debug] [2025-11-20T19:25:37.962Z] No OAuth tokens found
[debug] [2025-11-20T19:25:37.962Z] No OAuth tokens found
[debug] [2025-11-20T19:25:37.963Z] > command requires scopes: ["email","openid","https://www.googleapis.com/auth/cloudplatformprojects.readonly","https://www.googleapis.com/auth/firebase","https://www.googleapis.com/auth/cloud-platform","https://www.googleapis.com/auth/userinfo.email"]
[debug] [2025-11-20T19:25:37.963Z] > authorizing via signed-in user (elikenny333@gmail.com)
[debug] [2025-11-20T19:25:37.965Z] >>> [apiv2][query] GET https://firebase.googleapis.com/v1beta1/projects/antie-478819 [none]
[debug] [2025-11-20T19:25:38.319Z] <<< [apiv2][status] GET https://firebase.googleapis.com/v1beta1/projects/antie-478819 404
[debug] [2025-11-20T19:25:38.320Z] <<< [apiv2][body] GET https://firebase.googleapis.com/v1beta1/projects/antie-478819 {"error":{"code":404,"message":"Requested entity was not found.","status":"NOT_FOUND"}}
[debug] [2025-11-20T19:25:38.321Z] Couldn't get project info from firedata for antie-478819, trying resource manager. Original error: FirebaseError: Request to https://firebase.googleapis.com/v1beta1/projects/antie-478819 had HTTP Error: 404, Requested entity was not found.
[debug] [2025-11-20T19:25:38.322Z] No OAuth tokens found
[debug] [2025-11-20T19:25:38.323Z] No OAuth tokens found
[debug] [2025-11-20T19:25:38.323Z] > command requires scopes: ["email","openid","https://www.googleapis.com/auth/cloudplatformprojects.readonly","https://www.googleapis.com/auth/firebase","https://www.googleapis.com/auth/cloud-platform","https://www.googleapis.com/auth/userinfo.email"]
[debug] [2025-11-20T19:25:38.323Z] > authorizing via signed-in user (elikenny333@gmail.com)
[debug] [2025-11-20T19:25:38.323Z] >>> [apiv2][query] GET https://cloudresourcemanager.googleapis.com/v1/projects/antie-478819 [none]
[debug] [2025-11-20T19:25:38.386Z] <<< [apiv2][status] GET https://cloudresourcemanager.googleapis.com/v1/projects/antie-478819 200
[debug] [2025-11-20T19:25:38.386Z] <<< [apiv2][body] GET https://cloudresourcemanager.googleapis.com/v1/projects/antie-478819 {"projectNumber":"346816696382","projectId":"antie-478819","lifecycleState":"ACTIVE","name":"ANTIE","createTime":"2025-11-20T19:13:56.500083Z"}
[info] i  Using project antie-478819 . 
[info] 
=== App Hosting Setup
[debug] [2025-11-20T19:25:38.402Z] No OAuth tokens found
[debug] [2025-11-20T19:25:38.402Z] No OAuth tokens found
[debug] [2025-11-20T19:25:38.402Z] > command requires scopes: ["email","openid","https://www.googleapis.com/auth/cloudplatformprojects.readonly","https://www.googleapis.com/auth/firebase","https://www.googleapis.com/auth/cloud-platform","https://www.googleapis.com/auth/userinfo.email"]
[debug] [2025-11-20T19:25:38.403Z] > authorizing via signed-in user (elikenny333@gmail.com)
[debug] [2025-11-20T19:25:38.403Z] >>> [apiv2][query] GET https://cloudbilling.googleapis.com/v1/projects/antie-478819/billingInfo [none]
[debug] [2025-11-20T19:25:38.490Z] <<< [apiv2][status] GET https://cloudbilling.googleapis.com/v1/projects/antie-478819/billingInfo 200
[debug] [2025-11-20T19:25:38.491Z] <<< [apiv2][body] GET https://cloudbilling.googleapis.com/v1/projects/antie-478819/billingInfo {"name":"projects/antie-478819/billingInfo","projectId":"antie-478819","billingAccountName":"billingAccounts/016E89-A7C8CF-D07D2E","billingEnabled":true}
[debug] [2025-11-20T19:25:38.493Z] No OAuth tokens found
[debug] [2025-11-20T19:25:38.493Z] No OAuth tokens found
[debug] [2025-11-20T19:25:38.493Z] > command requires scopes: ["email","openid","https://www.googleapis.com/auth/cloudplatformprojects.readonly","https://www.googleapis.com/auth/firebase","https://www.googleapis.com/auth/cloud-platform","https://www.googleapis.com/auth/userinfo.email"]
[debug] [2025-11-20T19:25:38.493Z] > authorizing via signed-in user (elikenny333@gmail.com)
[debug] [2025-11-20T19:25:38.494Z] >>> [apiv2][query] POST https://iam.googleapis.com/v1/projects/antie-478819/serviceAccounts/firebase-app-hosting-compute@antie-478819.iam.gserviceaccount.com:testIamPermissions [none]
[debug] [2025-11-20T19:25:38.494Z] >>> [apiv2][(partial)header] POST https://iam.googleapis.com/v1/projects/antie-478819/serviceAccounts/firebase-app-hosting-compute@antie-478819.iam.gserviceaccount.com:testIamPermissions x-goog-quota-user=projects/antie-478819
[debug] [2025-11-20T19:25:38.494Z] >>> [apiv2][body] POST https://iam.googleapis.com/v1/projects/antie-478819/serviceAccounts/firebase-app-hosting-compute@antie-478819.iam.gserviceaccount.com:testIamPermissions {"permissions":["iam.serviceAccounts.actAs"]}
[debug] [2025-11-20T19:25:38.568Z] <<< [apiv2][status] POST https://iam.googleapis.com/v1/projects/antie-478819/serviceAccounts/firebase-app-hosting-compute@antie-478819.iam.gserviceaccount.com:testIamPermissions 200
[debug] [2025-11-20T19:25:38.569Z] <<< [apiv2][body] POST https://iam.googleapis.com/v1/projects/antie-478819/serviceAccounts/firebase-app-hosting-compute@antie-478819.iam.gserviceaccount.com:testIamPermissions {"permissions":["iam.serviceAccounts.actAs"]}
[debug] [2025-11-20T19:25:38.570Z] No OAuth tokens found
[debug] [2025-11-20T19:25:38.570Z] No OAuth tokens found
[debug] [2025-11-20T19:25:38.570Z] > command requires scopes: ["email","openid","https://www.googleapis.com/auth/cloudplatformprojects.readonly","https://www.googleapis.com/auth/firebase","https://www.googleapis.com/auth/cloud-platform","https://www.googleapis.com/auth/userinfo.email"]
[debug] [2025-11-20T19:25:38.570Z] > authorizing via signed-in user (elikenny333@gmail.com)
[debug] [2025-11-20T19:25:38.571Z] >>> [apiv2][query] POST https://iam.googleapis.com/v1/projects/antie-478819/serviceAccounts [none]
[debug] [2025-11-20T19:25:38.571Z] >>> [apiv2][body] POST https://iam.googleapis.com/v1/projects/antie-478819/serviceAccounts {"accountId":"firebase-app-hosting-compute","serviceAccount":{"displayName":"Firebase App Hosting compute service account","description":"Default service account used to run builds and deploys for Firebase App Hosting"}}
[debug] [2025-11-20T19:25:38.779Z] <<< [apiv2][status] POST https://iam.googleapis.com/v1/projects/antie-478819/serviceAccounts 409
[debug] [2025-11-20T19:25:38.779Z] <<< [apiv2][body] POST https://iam.googleapis.com/v1/projects/antie-478819/serviceAccounts [omitted]
[debug] [2025-11-20T19:25:38.781Z] No OAuth tokens found
[debug] [2025-11-20T19:25:38.781Z] No OAuth tokens found
[debug] [2025-11-20T19:25:38.781Z] > command requires scopes: ["email","openid","https://www.googleapis.com/auth/cloudplatformprojects.readonly","https://www.googleapis.com/auth/firebase","https://www.googleapis.com/auth/cloud-platform","https://www.googleapis.com/auth/userinfo.email"]
[debug] [2025-11-20T19:25:38.781Z] > authorizing via signed-in user (elikenny333@gmail.com)
[debug] [2025-11-20T19:25:38.782Z] >>> [apiv2][query] POST https://cloudresourcemanager.googleapis.com/v1/projects/antie-478819:getIamPolicy [none]
[debug] [2025-11-20T19:25:38.926Z] <<< [apiv2][status] POST https://cloudresourcemanager.googleapis.com/v1/projects/antie-478819:getIamPolicy 200
[debug] [2025-11-20T19:25:38.926Z] <<< [apiv2][body] POST https://cloudresourcemanager.googleapis.com/v1/projects/antie-478819:getIamPolicy {"version":1,"etag":"BwZEC53SYkk=","bindings":[{"role":"roles/cloudbuild.builds.builder","members":["serviceAccount:346816696382@cloudbuild.gserviceaccount.com"]},{"role":"roles/cloudbuild.serviceAgent","members":["serviceAccount:service-346816696382@gcp-sa-cloudbuild.iam.gserviceaccount.com"]},{"role":"roles/containerregistry.ServiceAgent","members":["serviceAccount:service-346816696382@containerregistry.iam.gserviceaccount.com"]},{"role":"roles/developerconnect.serviceAgent","members":["serviceAccount:service-346816696382@gcp-sa-devconnect.iam.gserviceaccount.com"]},{"role":"roles/editor","members":["serviceAccount:346816696382-compute@developer.gserviceaccount.com"]},{"role":"roles/owner","members":["user:elikenny333@gmail.com"]},{"role":"roles/pubsub.serviceAgent","members":["serviceAccount:service-346816696382@gcp-sa-pubsub.iam.gserviceaccount.com"]},{"role":"roles/run.serviceAgent","members":["serviceAccount:service-346816696382@serverless-robot-prod.iam.gserviceaccount.com"]},{"role":"roles/secretmanager.admin","members":["serviceAccount:service-346816696382@gcp-sa-devconnect.iam.gserviceaccount.com"]}]}
[debug] [2025-11-20T19:25:38.929Z] No OAuth tokens found
[debug] [2025-11-20T19:25:38.929Z] No OAuth tokens found
[debug] [2025-11-20T19:25:38.929Z] > command requires scopes: ["email","openid","https://www.googleapis.com/auth/cloudplatformprojects.readonly","https://www.googleapis.com/auth/firebase","https://www.googleapis.com/auth/cloud-platform","https://www.googleapis.com/auth/userinfo.email"]
[debug] [2025-11-20T19:25:38.930Z] > authorizing via signed-in user (elikenny333@gmail.com)
[debug] [2025-11-20T19:25:38.930Z] >>> [apiv2][query] POST https://cloudresourcemanager.googleapis.com/v1/projects/antie-478819:setIamPolicy [none]
[debug] [2025-11-20T19:25:38.931Z] >>> [apiv2][body] POST https://cloudresourcemanager.googleapis.com/v1/projects/antie-478819:setIamPolicy {"policy":{"version":1,"etag":"BwZEC53SYkk=","bindings":[{"role":"roles/cloudbuild.builds.builder","members":["serviceAccount:346816696382@cloudbuild.gserviceaccount.com"]},{"role":"roles/cloudbuild.serviceAgent","members":["serviceAccount:service-346816696382@gcp-sa-cloudbuild.iam.gserviceaccount.com"]},{"role":"roles/containerregistry.ServiceAgent","members":["serviceAccount:service-346816696382@containerregistry.iam.gserviceaccount.com"]},{"role":"roles/developerconnect.serviceAgent","members":["serviceAccount:service-346816696382@gcp-sa-devconnect.iam.gserviceaccount.com"]},{"role":"roles/editor","members":["serviceAccount:346816696382-compute@developer.gserviceaccount.com"]},{"role":"roles/owner","members":["user:elikenny333@gmail.com"]},{"role":"roles/pubsub.serviceAgent","members":["serviceAccount:service-346816696382@gcp-sa-pubsub.iam.gserviceaccount.com"]},{"role":"roles/run.serviceAgent","members":["serviceAccount:service-346816696382@serverless-robot-prod.iam.gserviceaccount.com"]},{"role":"roles/secretmanager.admin","members":["serviceAccount:service-346816696382@gcp-sa-devconnect.iam.gserviceaccount.com"]},{"role":"roles/firebaseapphosting.computeRunner","members":["serviceAccount:firebase-app-hosting-compute@antie-478819.iam.gserviceaccount.com"]},{"role":"roles/firebase.sdkAdminServiceAgent","members":["serviceAccount:firebase-app-hosting-compute@antie-478819.iam.gserviceaccount.com"]},{"role":"roles/developerconnect.readTokenAccessor","members":["serviceAccount:firebase-app-hosting-compute@antie-478819.iam.gserviceaccount.com"]},{"role":"roles/storage.objectViewer","members":["serviceAccount:firebase-app-hosting-compute@antie-478819.iam.gserviceaccount.com"]}]},"updateMask":"bindings"}
[debug] [2025-11-20T19:25:39.241Z] <<< [apiv2][status] POST https://cloudresourcemanager.googleapis.com/v1/projects/antie-478819:setIamPolicy 200
[debug] [2025-11-20T19:25:39.242Z] <<< [apiv2][body] POST https://cloudresourcemanager.googleapis.com/v1/projects/antie-478819:setIamPolicy {"version":1,"etag":"BwZEC6l+Zbg=","bindings":[{"role":"roles/cloudbuild.builds.builder","members":["serviceAccount:346816696382@cloudbuild.gserviceaccount.com"]},{"role":"roles/cloudbuild.serviceAgent","members":["serviceAccount:service-346816696382@gcp-sa-cloudbuild.iam.gserviceaccount.com"]},{"role":"roles/containerregistry.ServiceAgent","members":["serviceAccount:service-346816696382@containerregistry.iam.gserviceaccount.com"]},{"role":"roles/developerconnect.readTokenAccessor","members":["serviceAccount:firebase-app-hosting-compute@antie-478819.iam.gserviceaccount.com"]},{"role":"roles/developerconnect.serviceAgent","members":["serviceAccount:service-346816696382@gcp-sa-devconnect.iam.gserviceaccount.com"]},{"role":"roles/editor","members":["serviceAccount:346816696382-compute@developer.gserviceaccount.com"]},{"role":"roles/firebase.sdkAdminServiceAgent","members":["serviceAccount:firebase-app-hosting-compute@antie-478819.iam.gserviceaccount.com"]},{"role":"roles/firebaseapphosting.computeRunner","members":["serviceAccount:firebase-app-hosting-compute@antie-478819.iam.gserviceaccount.com"]},{"role":"roles/owner","members":["user:elikenny333@gmail.com"]},{"role":"roles/pubsub.serviceAgent","members":["serviceAccount:service-346816696382@gcp-sa-pubsub.iam.gserviceaccount.com"]},{"role":"roles/run.serviceAgent","members":["serviceAccount:service-346816696382@serverless-robot-prod.iam.gserviceaccount.com"]},{"role":"roles/secretmanager.admin","members":["serviceAccount:service-346816696382@gcp-sa-devconnect.iam.gserviceaccount.com"]},{"role":"roles/storage.objectViewer","members":["serviceAccount:firebase-app-hosting-compute@antie-478819.iam.gserviceaccount.com"]}]}
[info] i  This command links your local project to Firebase App Hosting. You will be able to deploy your web app with `firebase deploy` after setup. 
[debug] [2025-11-20T19:28:12.268Z] ----------------------------------------------------------------------
[debug] [2025-11-20T19:28:12.270Z] Command:       /nix/store/ws50yvm6vzlzf7jzz6n7xh4szddrack1-nodejs-20.19.1/bin/node /nix/store/12bms99s479knhxggq0wrjfch7rhy26s-firebase-tools-14.24.1/lib/node_modules/firebase-tools/lib/bin/firebase.js apphosting:backends:create --project antie-478819
[debug] [2025-11-20T19:28:12.271Z] CLI Version:   14.24.1
[debug] [2025-11-20T19:28:12.271Z] Platform:      linux
[debug] [2025-11-20T19:28:12.271Z] Node Version:  v20.19.1
[debug] [2025-11-20T19:28:12.271Z] Time:          Thu Nov 20 2025 19:28:12 GMT+0000 (Coordinated Universal Time)
[debug] [2025-11-20T19:28:12.271Z] ----------------------------------------------------------------------
[debug] 
[debug] [2025-11-20T19:28:12.279Z] > command requires scopes: ["email","openid","https://www.googleapis.com/auth/cloudplatformprojects.readonly","https://www.googleapis.com/auth/firebase","https://www.googleapis.com/auth/cloud-platform","https://www.googleapis.com/auth/userinfo.email"]
[debug] [2025-11-20T19:28:12.280Z] > authorizing via signed-in user (elikenny333@gmail.com)
[debug] [2025-11-20T19:28:12.282Z] No OAuth tokens found
[debug] [2025-11-20T19:28:12.283Z] No OAuth tokens found
[debug] [2025-11-20T19:28:12.283Z] > command requires scopes: ["email","openid","https://www.googleapis.com/auth/cloudplatformprojects.readonly","https://www.googleapis.com/auth/firebase","https://www.googleapis.com/auth/cloud-platform","https://www.googleapis.com/auth/userinfo.email"]
[debug] [2025-11-20T19:28:12.283Z] > authorizing via signed-in user (elikenny333@gmail.com)
[debug] [2025-11-20T19:28:12.284Z] >>> [apiv2][query] POST https://iam.googleapis.com/v1/projects/antie-478819/serviceAccounts/firebase-app-hosting-compute@antie-478819.iam.gserviceaccount.com:testIamPermissions [none]
[debug] [2025-11-20T19:28:12.284Z] >>> [apiv2][(partial)header] POST https://iam.googleapis.com/v1/projects/antie-478819/serviceAccounts/firebase-app-hosting-compute@antie-478819.iam.gserviceaccount.com:testIamPermissions x-goog-quota-user=projects/antie-478819
[debug] [2025-11-20T19:28:12.284Z] >>> [apiv2][body] POST https://iam.googleapis.com/v1/projects/antie-478819/serviceAccounts/firebase-app-hosting-compute@antie-478819.iam.gserviceaccount.com:testIamPermissions {"permissions":["iam.serviceAccounts.actAs"]}
[debug] [2025-11-20T19:28:12.403Z] <<< [apiv2][status] POST https://iam.googleapis.com/v1/projects/antie-478819/serviceAccounts/firebase-app-hosting-compute@antie-478819.iam.gserviceaccount.com:testIamPermissions 200
[debug] [2025-11-20T19:28:12.403Z] <<< [apiv2][body] POST https://iam.googleapis.com/v1/projects/antie-478819/serviceAccounts/firebase-app-hosting-compute@antie-478819.iam.gserviceaccount.com:testIamPermissions {"permissions":["iam.serviceAccounts.actAs"]}
[debug] [2025-11-20T19:28:12.405Z] No OAuth tokens found
[debug] [2025-11-20T19:28:12.406Z] No OAuth tokens found
[debug] [2025-11-20T19:28:12.406Z] > command requires scopes: ["email","openid","https://www.googleapis.com/auth/cloudplatformprojects.readonly","https://www.googleapis.com/auth/firebase","https://www.googleapis.com/auth/cloud-platform","https://www.googleapis.com/auth/userinfo.email"]
[debug] [2025-11-20T19:28:12.406Z] > authorizing via signed-in user (elikenny333@gmail.com)
[debug] [2025-11-20T19:28:12.406Z] >>> [apiv2][query] POST https://iam.googleapis.com/v1/projects/antie-478819/serviceAccounts [none]
[debug] [2025-11-20T19:28:12.406Z] >>> [apiv2][body] POST https://iam.googleapis.com/v1/projects/antie-478819/serviceAccounts {"accountId":"firebase-app-hosting-compute","serviceAccount":{"displayName":"Firebase App Hosting compute service account","description":"Default service account used to run builds and deploys for Firebase App Hosting"}}
[debug] [2025-11-20T19:28:12.630Z] <<< [apiv2][status] POST https://iam.googleapis.com/v1/projects/antie-478819/serviceAccounts 409
[debug] [2025-11-20T19:28:12.630Z] <<< [apiv2][body] POST https://iam.googleapis.com/v1/projects/antie-478819/serviceAccounts [omitted]
[debug] [2025-11-20T19:28:12.634Z] No OAuth tokens found
[debug] [2025-11-20T19:28:12.634Z] No OAuth tokens found
[debug] [2025-11-20T19:28:12.634Z] > command requires scopes: ["email","openid","https://www.googleapis.com/auth/cloudplatformprojects.readonly","https://www.googleapis.com/auth/firebase","https://www.googleapis.com/auth/cloud-platform","https://www.googleapis.com/auth/userinfo.email"]
[debug] [2025-11-20T19:28:12.634Z] > authorizing via signed-in user (elikenny333@gmail.com)
[debug] [2025-11-20T19:28:12.634Z] >>> [apiv2][query] POST https://cloudresourcemanager.googleapis.com/v1/projects/antie-478819:getIamPolicy [none]
[debug] [2025-11-20T19:28:12.715Z] <<< [apiv2][status] POST https://cloudresourcemanager.googleapis.com/v1/projects/antie-478819:getIamPolicy 200
[debug] [2025-11-20T19:28:12.716Z] <<< [apiv2][body] POST https://cloudresourcemanager.googleapis.com/v1/projects/antie-478819:getIamPolicy {"version":1,"etag":"BwZEC6l+Zbg=","bindings":[{"role":"roles/cloudbuild.builds.builder","members":["serviceAccount:346816696382@cloudbuild.gserviceaccount.com"]},{"role":"roles/cloudbuild.serviceAgent","members":["serviceAccount:service-346816696382@gcp-sa-cloudbuild.iam.gserviceaccount.com"]},{"role":"roles/containerregistry.ServiceAgent","members":["serviceAccount:service-346816696382@containerregistry.iam.gserviceaccount.com"]},{"role":"roles/developerconnect.readTokenAccessor","members":["serviceAccount:firebase-app-hosting-compute@antie-478819.iam.gserviceaccount.com"]},{"role":"roles/developerconnect.serviceAgent","members":["serviceAccount:service-346816696382@gcp-sa-devconnect.iam.gserviceaccount.com"]},{"role":"roles/editor","members":["serviceAccount:346816696382-compute@developer.gserviceaccount.com"]},{"role":"roles/firebase.sdkAdminServiceAgent","members":["serviceAccount:firebase-app-hosting-compute@antie-478819.iam.gserviceaccount.com"]},{"role":"roles/firebaseapphosting.computeRunner","members":["serviceAccount:firebase-app-hosting-compute@antie-478819.iam.gserviceaccount.com"]},{"role":"roles/owner","members":["user:elikenny333@gmail.com"]},{"role":"roles/pubsub.serviceAgent","members":["serviceAccount:service-346816696382@gcp-sa-pubsub.iam.gserviceaccount.com"]},{"role":"roles/run.serviceAgent","members":["serviceAccount:service-346816696382@serverless-robot-prod.iam.gserviceaccount.com"]},{"role":"roles/secretmanager.admin","members":["serviceAccount:service-346816696382@gcp-sa-devconnect.iam.gserviceaccount.com"]},{"role":"roles/storage.objectViewer","members":["serviceAccount:firebase-app-hosting-compute@antie-478819.iam.gserviceaccount.com"]}]}
[debug] [2025-11-20T19:28:12.716Z] No OAuth tokens found
[debug] [2025-11-20T19:28:12.717Z] No OAuth tokens found
[debug] [2025-11-20T19:28:12.718Z] > command requires scopes: ["email","openid","https://www.googleapis.com/auth/cloudplatformprojects.readonly","https://www.googleapis.com/auth/firebase","https://www.googleapis.com/auth/cloud-platform","https://www.googleapis.com/auth/userinfo.email"]
[debug] [2025-11-20T19:28:12.718Z] > authorizing via signed-in user (elikenny333@gmail.com)
[debug] [2025-11-20T19:28:12.719Z] >>> [apiv2][query] POST https://cloudresourcemanager.googleapis.com/v1/projects/antie-478819:setIamPolicy [none]
[debug] [2025-11-20T19:28:12.719Z] >>> [apiv2][body] POST https://cloudresourcemanager.googleapis.com/v1/projects/antie-478819:setIamPolicy {"policy":{"version":1,"etag":"BwZEC6l+Zbg=","bindings":[{"role":"roles/cloudbuild.builds.builder","members":["serviceAccount:346816696382@cloudbuild.gserviceaccount.com"]},{"role":"roles/cloudbuild.serviceAgent","members":["serviceAccount:service-346816696382@gcp-sa-cloudbuild.iam.gserviceaccount.com"]},{"role":"roles/containerregistry.ServiceAgent","members":["serviceAccount:service-346816696382@containerregistry.iam.gserviceaccount.com"]},{"role":"roles/developerconnect.readTokenAccessor","members":["serviceAccount:firebase-app-hosting-compute@antie-478819.iam.gserviceaccount.com"]},{"role":"roles/developerconnect.serviceAgent","members":["serviceAccount:service-346816696382@gcp-sa-devconnect.iam.gserviceaccount.com"]},{"role":"roles/editor","members":["serviceAccount:346816696382-compute@developer.gserviceaccount.com"]},{"role":"roles/firebase.sdkAdminServiceAgent","members":["serviceAccount:firebase-app-hosting-compute@antie-478819.iam.gserviceaccount.com"]},{"role":"roles/firebaseapphosting.computeRunner","members":["serviceAccount:firebase-app-hosting-compute@antie-478819.iam.gserviceaccount.com"]},{"role":"roles/owner","members":["user:elikenny333@gmail.com"]},{"role":"roles/pubsub.serviceAgent","members":["serviceAccount:service-346816696382@gcp-sa-pubsub.iam.gserviceaccount.com"]},{"role":"roles/run.serviceAgent","members":["serviceAccount:service-346816696382@serverless-robot-prod.iam.gserviceaccount.com"]},{"role":"roles/secretmanager.admin","members":["serviceAccount:service-346816696382@gcp-sa-devconnect.iam.gserviceaccount.com"]},{"role":"roles/storage.objectViewer","members":["serviceAccount:firebase-app-hosting-compute@antie-478819.iam.gserviceaccount.com"]}]},"updateMask":"bindings"}
[debug] [2025-11-20T19:28:13.229Z] <<< [apiv2][status] POST https://cloudresourcemanager.googleapis.com/v1/projects/antie-478819:setIamPolicy 200
[debug] [2025-11-20T19:28:13.229Z] <<< [apiv2][body] POST https://cloudresourcemanager.googleapis.com/v1/projects/antie-478819:setIamPolicy {"version":1,"etag":"BwZEC7KsDj4=","bindings":[{"role":"roles/cloudbuild.builds.builder","members":["serviceAccount:346816696382@cloudbuild.gserviceaccount.com"]},{"role":"roles/cloudbuild.serviceAgent","members":["serviceAccount:service-346816696382@gcp-sa-cloudbuild.iam.gserviceaccount.com"]},{"role":"roles/containerregistry.ServiceAgent","members":["serviceAccount:service-346816696382@containerregistry.iam.gserviceaccount.com"]},{"role":"roles/developerconnect.readTokenAccessor","members":["serviceAccount:firebase-app-hosting-compute@antie-478819.iam.gserviceaccount.com"]},{"role":"roles/developerconnect.serviceAgent","members":["serviceAccount:service-346816696382@gcp-sa-devconnect.iam.gserviceaccount.com"]},{"role":"roles/editor","members":["serviceAccount:346816696382-compute@developer.gserviceaccount.com"]},{"role":"roles/firebase.sdkAdminServiceAgent","members":["serviceAccount:firebase-app-hosting-compute@antie-478819.iam.gserviceaccount.com"]},{"role":"roles/firebaseapphosting.computeRunner","members":["serviceAccount:firebase-app-hosting-compute@antie-478819.iam.gserviceaccount.com"]},{"role":"roles/owner","members":["user:elikenny333@gmail.com"]},{"role":"roles/pubsub.serviceAgent","members":["serviceAccount:service-346816696382@gcp-sa-pubsub.iam.gserviceaccount.com"]},{"role":"roles/run.serviceAgent","members":["serviceAccount:service-346816696382@serverless-robot-prod.iam.gserviceaccount.com"]},{"role":"roles/secretmanager.admin","members":["serviceAccount:service-346816696382@gcp-sa-devconnect.iam.gserviceaccount.com"]},{"role":"roles/storage.objectViewer","members":["serviceAccount:firebase-app-hosting-compute@antie-478819.iam.gserviceaccount.com"]}]}
[debug] [2025-11-20T19:28:13.230Z] No OAuth tokens found
[debug] [2025-11-20T19:28:13.230Z] No OAuth tokens found
[debug] [2025-11-20T19:28:13.230Z] > command requires scopes: ["email","openid","https://www.googleapis.com/auth/cloudplatformprojects.readonly","https://www.googleapis.com/auth/firebase","https://www.googleapis.com/auth/cloud-platform","https://www.googleapis.com/auth/userinfo.email"]
[debug] [2025-11-20T19:28:13.230Z] > authorizing via signed-in user (elikenny333@gmail.com)
[debug] [2025-11-20T19:28:13.231Z] >>> [apiv2][query] GET https://firebaseapphosting.googleapis.com/v1beta/projects/antie-478819/locations 
[debug] [2025-11-20T19:28:13.310Z] <<< [apiv2][status] GET https://firebaseapphosting.googleapis.com/v1beta/projects/antie-478819/locations 200
[debug] [2025-11-20T19:28:13.310Z] <<< [apiv2][body] GET https://firebaseapphosting.googleapis.com/v1beta/projects/antie-478819/locations {"locations":[{"name":"projects/antie-478819/locations/asia-east1","locationId":"asia-east1","displayName":"Taiwan"},{"name":"projects/antie-478819/locations/asia-southeast1","locationId":"asia-southeast1","displayName":"Singapore"},{"name":"projects/antie-478819/locations/europe-west4","locationId":"europe-west4","displayName":"Netherlands"},{"name":"projects/antie-478819/locations/us-central1","locationId":"us-central1","displayName":"Iowa"},{"name":"projects/antie-478819/locations/us-east4","locationId":"us-east4","displayName":"Northern Virginia"},{"name":"projects/antie-478819/locations/us-east5","locationId":"us-east5","displayName":"Columbus"}]}
